        -:    0:Source:assignment.c
        -:    0:Graph:assignment.gcno
        -:    0:Data:assignment.gcda
        -:    0:Runs:8
        -:    1:#include<stdio.h>
        -:    2:
        -:    3:/* Prints the state of H2O if the temperature in degree celsius is given  */
function stateOfH2O called 7 returned 100% blocks executed 100%
        7:    4:void stateOfH2O(int temp) {
        -:    5:
        7:    6:    if(temp > 100 || temp < 0) {
branch  0 taken 71% (fallthrough)
branch  1 taken 29%
branch  2 taken 20% (fallthrough)
branch  3 taken 80%
        3:    7:        printf("H2O is not liquid at this temperature\n");
call    0 returned 100%
        -:    8:    } 
        -:    9:    
        7:   10:    if(temp < 100 && temp > 0) {
branch  0 taken 57% (fallthrough)
branch  1 taken 43%
branch  2 taken 50% (fallthrough)
branch  3 taken 50%
        2:   11:        printf("H2O is liquid at this temperature\n");
call    0 returned 100%
        -:   12:    }
        -:   13:
        7:   14:    if(temp==100) {
branch  0 taken 14% (fallthrough)
branch  1 taken 86%
        1:   15:        printf("H2O is both liquid and gas\n");
call    0 returned 100%
        -:   16:    }
        -:   17:
        7:   18:    if(temp==0) {
branch  0 taken 14% (fallthrough)
branch  1 taken 86%
        1:   19:        printf("H2O is both liquid and solid\n");
call    0 returned 100%
        -:   20:    }
        -:   21:
        7:   22:}
        -:   23:
        -:   24:/* Checks if the two given numbers have the same sign */
function hasSameSign called 7 returned 100% blocks executed 100%
        7:   25:int hasSameSign(int a, int b) {
        -:   26:
        7:   27:    if(a>0 && b>0) {
branch  0 taken 43% (fallthrough)
branch  1 taken 57%
branch  2 taken 33% (fallthrough)
branch  3 taken 67%
        1:   28:        return 1;
        6:   29:    } else if(a<0 && b<0) {
branch  0 taken 33% (fallthrough)
branch  1 taken 67%
branch  2 taken 50% (fallthrough)
branch  3 taken 50%
        1:   30:        return 1;
        5:   31:    } else if(a==0 && b==0) {
branch  0 taken 40% (fallthrough)
branch  1 taken 60%
branch  2 taken 50% (fallthrough)
branch  3 taken 50%
        1:   32:        return 1;
        -:   33:    } else {
        4:   34:        return 0;
        -:   35:    }
        -:   36:
        -:   37:}
        -:   38:
function main called 8 returned 100% blocks executed 100%
        8:   39:int main(int argc, char** argv) {
        -:   40:
        -:   41:    // args = a, b, temp
        -:   42:    // give 3 numbers as arguments
        -:   43:
        8:   44:    if(argc == 4) {
branch  0 taken 88% (fallthrough)
branch  1 taken 12%
        -:   45:
        -:   46:        int a, b, temp;
        7:   47:        sscanf(argv[1], "%d", &a);
        7:   48:        sscanf(argv[2], "%d", &b);
        7:   49:        sscanf(argv[3], "%d", &temp);
        -:   50:
        7:   51:        int flag = hasSameSign(a, b);
call    0 returned 100%
        7:   52:        if(flag==1) {
branch  0 taken 43% (fallthrough)
branch  1 taken 57%
        3:   53:            printf("Same Sign\n");
call    0 returned 100%
        -:   54:        } else {
        4:   55:            printf("Different Sign\n");
call    0 returned 100%
        -:   56:        }
        -:   57:
        7:   58:        stateOfH2O(temp);
call    0 returned 100%
        -:   59:    } else {
        1:   60:        printf("Please give three arguments for Number1, Number2, Temperature\nFor example:-\n./a.out -33 45 106\n");
call    0 returned 100%
        -:   61:    }
        -:   62:
        8:   63:    return 0;
        -:   64:}
